<?xml version="1.0" encoding="UTF-8"?>
<!-- Generated by org.testng.reporters.JUnitReportReporter -->
<testsuite hostname="DESKTOP-PE5C432" failures="0" tests="10" name="com.fpm.qa.TestCases.SignUpTest" time="92.389" errors="0" timestamp="2022-09-09T21:33:39 IST" skipped="0">
  <testcase classname="com.fpm.qa.TestCases.SignUpTest" name="verifyFirstNameOfSignUpPage" time="9.214"/>
  <system-out/>
  <testcase classname="com.fpm.qa.TestCases.SignUpTest" name="verifyLastNameOfSignUpPage" time="9.154"/>
  <system-out/>
  <testcase classname="com.fpm.qa.TestCases.SignUpTest" name="verifyEmailFieldOfSignUpPage" time="8.583"/>
  <system-out/>
  <testcase classname="com.fpm.qa.TestCases.SignUpTest" name="verifyConfirmEmailFieldOfSignUpPage" time="8.390"/>
  <system-out/>
  <testcase classname="com.fpm.qa.TestCases.SignUpTest" name="verifypassFieldOfSignUpPage" time="8.358"/>
  <system-out/>
  <testcase classname="com.fpm.qa.TestCases.SignUpTest" name="verifyBirthDayFieldOfSignUpPage" time="9.885"/>
  <system-out/>
  <testcase classname="com.fpm.qa.TestCases.SignUpTest" name="verifyBirthMonthFieldOfSignUpPage" time="9.089"/>
  <system-out/>
  <testcase classname="com.fpm.qa.TestCases.SignUpTest" name="verifyBirthYearFieldOfSignUpPage" time="8.479"/>
  <system-out/>
  <testcase classname="com.fpm.qa.TestCases.SignUpTest" name="verifyGenderFieldOfSignUpPage" time="8.522"/>
  <system-out/>
  <testcase classname="com.fpm.qa.TestCases.SignUpTest" name="verifySubmitbtnOfSignUpPage" time="12.715"/>
  <system-out/>
</testsuite> <!-- com.fpm.qa.TestCases.SignUpTest -->
