<?xml version="1.0" encoding="UTF-8"?>
<!-- Generated by org.testng.reporters.JUnitReportReporter -->
<testsuite hostname="DESKTOP-PE5C432" failures="0" tests="10" name="com.fpm.qa.TestCases.HomePageTest" time="227.800" errors="0" timestamp="2022-09-10T13:09:11 IST" skipped="0">
  <testcase classname="com.fpm.qa.TestCases.HomePageTest" name="loginPageTitleTest" time="20.631"/>
  <system-out/>
  <testcase classname="com.fpm.qa.TestCases.HomePageTest" name="fpmTitleTest" time="17.656"/>
  <system-out/>
  <testcase classname="com.fpm.qa.TestCases.HomePageTest" name="fpmEventsTest" time="23.320"/>
  <system-out/>
  <testcase classname="com.fpm.qa.TestCases.HomePageTest" name="fpmWatchTest" time="25.440"/>
  <system-out/>
  <testcase classname="com.fpm.qa.TestCases.HomePageTest" name="fpmMessengerTest" time="41.033"/>
  <system-out/>
  <testcase classname="com.fpm.qa.TestCases.HomePageTest" name="fpmNotificationsTest" time="20.215"/>
  <system-out/>
  <testcase classname="com.fpm.qa.TestCases.HomePageTest" name="fpmfindfirendsTest" time="21.229"/>
  <system-out/>
  <testcase classname="com.fpm.qa.TestCases.HomePageTest" name="fpmserachTest" time="17.701"/>
  <system-out/>
  <testcase classname="com.fpm.qa.TestCases.HomePageTest" name="fpmNameLableTest" time="17.804"/>
  <system-out/>
  <testcase classname="com.fpm.qa.TestCases.HomePageTest" name="fpmAddPictureBtnTest" time="22.771"/>
  <system-out/>
</testsuite> <!-- com.fpm.qa.TestCases.HomePageTest -->
