<?xml version="1.0" encoding="UTF-8"?>
<!-- Generated by org.testng.reporters.JUnitReportReporter -->
<testsuite hostname="DESKTOP-PE5C432" failures="0" tests="10" name="com.fpm.qa.TestCases.LoginPageTest" time="114.568" errors="0" timestamp="2022-09-12T17:49:17 IST" skipped="0">
  <testcase classname="com.fpm.qa.TestCases.LoginPageTest" name="loginPageTitleTest" time="10.266"/>
  <system-out/>
  <testcase classname="com.fpm.qa.TestCases.LoginPageTest" name="fpmLogoImageTest" time="24.043"/>
  <system-out/>
  <testcase classname="com.fpm.qa.TestCases.LoginPageTest" name="EnterEmailTest" time="10.966"/>
  <system-out/>
  <testcase classname="com.fpm.qa.TestCases.LoginPageTest" name="EnterPasswordTest" time="9.112"/>
  <system-out/>
  <testcase classname="com.fpm.qa.TestCases.LoginPageTest" name="loginTest" time="11.529"/>
  <system-out/>
  <testcase classname="com.fpm.qa.TestCases.LoginPageTest" name="validateFPMLoginBtnTest" time="13.517"/>
  <system-out/>
  <testcase classname="com.fpm.qa.TestCases.LoginPageTest" name="fpmSignUpBtnTest" time="9.132"/>
  <system-out/>
  <testcase classname="com.fpm.qa.TestCases.LoginPageTest" name="fpmForgotPaswordTest" time="8.105"/>
  <system-out/>
  <testcase classname="com.fpm.qa.TestCases.LoginPageTest" name="fpmMLableTest" time="10.604"/>
  <system-out/>
  <testcase classname="com.fpm.qa.TestCases.LoginPageTest" name="fpmSecondSLableTest" time="7.294"/>
  <system-out/>
</testsuite> <!-- com.fpm.qa.TestCases.LoginPageTest -->
